<?xml version="1.0" encoding="UTF-8"?>
<testng-results ignored="0" total="3" passed="2" failed="1" skipped="0">
  <reporter-output>
  </reporter-output>
  <suite started-at="2024-04-04T14:09:26 IST" name="Suite" finished-at="2024-04-04T14:12:49 IST" duration-ms="202314">
    <groups>
      <group name="Regression">
        <method signature="Test_CarInsurance.car()[pri:0, instance:TestCase.Test_CarInsurance@4ec4f3a0]" name="car" class="TestCase.Test_CarInsurance"/>
        <method signature="Test_HealthInsurance.health()[pri:0, instance:TestCase.Test_HealthInsurance@223191a6]" name="health" class="TestCase.Test_HealthInsurance"/>
        <method signature="Test_TravelInsurance.travel()[pri:0, instance:TestCase.Test_TravelInsurance@7f3b84b8]" name="travel" class="TestCase.Test_TravelInsurance"/>
      </group> <!-- Regression -->
      <group name="Smoke">
        <method signature="Test_CarInsurance.car()[pri:0, instance:TestCase.Test_CarInsurance@4ec4f3a0]" name="car" class="TestCase.Test_CarInsurance"/>
        <method signature="Test_HealthInsurance.health()[pri:0, instance:TestCase.Test_HealthInsurance@223191a6]" name="health" class="TestCase.Test_HealthInsurance"/>
        <method signature="Test_TravelInsurance.travel()[pri:0, instance:TestCase.Test_TravelInsurance@7f3b84b8]" name="travel" class="TestCase.Test_TravelInsurance"/>
      </group> <!-- Smoke -->
    </groups>
    <test started-at="2024-04-04T14:09:26 IST" name="Test" finished-at="2024-04-04T14:12:49 IST" duration-ms="202314">
      <class name="TestCase.Test_HealthInsurance">
        <test-method is-config="true" signature="setup(java.lang.String)[pri:0, instance:TestCase.Test_HealthInsurance@223191a6]" started-at="2024-04-04T14:09:27 IST" name="setup" finished-at="2024-04-04T14:10:55 IST" duration-ms="88041" status="PASS">
          <params>
            <param index="0">
              <value>
                <![CDATA[chrome]]>
              </value>
            </param>
          </params>
          <reporter-output>
          </reporter-output>
        </test-method> <!-- setup -->
        <test-method signature="health()[pri:0, instance:TestCase.Test_HealthInsurance@223191a6]" started-at="2024-04-04T14:10:55 IST" name="health" finished-at="2024-04-04T14:10:56 IST" duration-ms="796" status="PASS">
          <reporter-output>
          </reporter-output>
        </test-method> <!-- health -->
        <test-method is-config="true" signature="tearDown()[pri:0, instance:TestCase.Test_HealthInsurance@223191a6]" started-at="2024-04-04T14:10:56 IST" name="tearDown" finished-at="2024-04-04T14:10:57 IST" duration-ms="1766" status="PASS">
          <reporter-output>
          </reporter-output>
        </test-method> <!-- tearDown -->
      </class> <!-- TestCase.Test_HealthInsurance -->
      <class name="TestCase.Test_CarInsurance">
        <test-method is-config="true" signature="setup(java.lang.String)[pri:0, instance:TestCase.Test_CarInsurance@4ec4f3a0]" started-at="2024-04-04T14:09:27 IST" name="setup" finished-at="2024-04-04T14:10:24 IST" duration-ms="57760" status="PASS">
          <params>
            <param index="0">
              <value>
                <![CDATA[chrome]]>
              </value>
            </param>
          </params>
          <reporter-output>
          </reporter-output>
        </test-method> <!-- setup -->
        <test-method signature="car()[pri:0, instance:TestCase.Test_CarInsurance@4ec4f3a0]" started-at="2024-04-04T14:10:24 IST" name="car" finished-at="2024-04-04T14:10:37 IST" duration-ms="12256" status="PASS">
          <reporter-output>
          </reporter-output>
        </test-method> <!-- car -->
        <test-method is-config="true" signature="tearDown()[pri:0, instance:TestCase.Test_CarInsurance@4ec4f3a0]" started-at="2024-04-04T14:10:37 IST" name="tearDown" finished-at="2024-04-04T14:10:38 IST" duration-ms="1756" status="PASS">
          <reporter-output>
          </reporter-output>
        </test-method> <!-- tearDown -->
      </class> <!-- TestCase.Test_CarInsurance -->
      <class name="TestCase.Test_TravelInsurance">
        <test-method is-config="true" signature="setup(java.lang.String)[pri:0, instance:TestCase.Test_TravelInsurance@7f3b84b8]" started-at="2024-04-04T14:09:27 IST" name="setup" finished-at="2024-04-04T14:10:55 IST" duration-ms="88089" status="PASS">
          <params>
            <param index="0">
              <value>
                <![CDATA[chrome]]>
              </value>
            </param>
          </params>
          <reporter-output>
          </reporter-output>
        </test-method> <!-- setup -->
        <test-method signature="travel()[pri:0, instance:TestCase.Test_TravelInsurance@7f3b84b8]" started-at="2024-04-04T14:10:55 IST" name="travel" finished-at="2024-04-04T14:12:46 IST" duration-ms="110865" status="FAIL">
          <exception class="org.openqa.selenium.NoSuchElementException">
            <message>
              <![CDATA[no such element: Unable to locate element: {"method":"css selector","selector":"#studentTrip"}
  (Session info: chrome=120.0.6099.130)
For documentation on this error, please visit: https://www.selenium.dev/documentation/webdriver/troubleshooting/errors#no-such-element-exception
Build info: version: '4.18.1', revision: 'b1d3319b48'
System info: os.name: 'Windows 11', os.arch: 'amd64', os.version: '10.0', java.version: '17.0.2'
Driver info: org.openqa.selenium.chrome.ChromeDriver
Command: [9fa830f98c3f130565b05bbddfc6cb69, findElement {value=studentTrip, using=id}]
Capabilities {acceptInsecureCerts: false, browserName: chrome, browserVersion: 120.0.6099.130, chrome: {chromedriverVersion: 120.0.6099.109 (3419140ab66..., userDataDir: C:\Windows\SystemTemp\scope...}, fedcm:accounts: true, goog:chromeOptions: {debuggerAddress: localhost:49834}, networkConnectionEnabled: false, pageLoadStrategy: normal, platformName: windows, proxy: Proxy(), se:cdp: ws://localhost:49834/devtoo..., se:cdpVersion: 120.0.6099.130, setWindowRect: true, strictFileInteractability: false, timeouts: {implicit: 0, pageLoad: 300000, script: 30000}, unhandledPromptBehavior: dismiss and notify, webauthn:extension:credBlob: true, webauthn:extension:largeBlob: true, webauthn:extension:minPinLength: true, webauthn:extension:prf: true, webauthn:virtualAuthenticators: true}
Session ID: 9fa830f98c3f130565b05bbddfc6cb69]]>
            </message>
            <full-stacktrace>
              <![CDATA[org.openqa.selenium.NoSuchElementException: no such element: Unable to locate element: {"method":"css selector","selector":"#studentTrip"}
  (Session info: chrome=120.0.6099.130)
For documentation on this error, please visit: https://www.selenium.dev/documentation/webdriver/troubleshooting/errors#no-such-element-exception
Build info: version: '4.18.1', revision: 'b1d3319b48'
System info: os.name: 'Windows 11', os.arch: 'amd64', os.version: '10.0', java.version: '17.0.2'
Driver info: org.openqa.selenium.chrome.ChromeDriver
Command: [9fa830f98c3f130565b05bbddfc6cb69, findElement {value=studentTrip, using=id}]
Capabilities {acceptInsecureCerts: false, browserName: chrome, browserVersion: 120.0.6099.130, chrome: {chromedriverVersion: 120.0.6099.109 (3419140ab66..., userDataDir: C:\Windows\SystemTemp\scope...}, fedcm:accounts: true, goog:chromeOptions: {debuggerAddress: localhost:49834}, networkConnectionEnabled: false, pageLoadStrategy: normal, platformName: windows, proxy: Proxy(), se:cdp: ws://localhost:49834/devtoo..., se:cdpVersion: 120.0.6099.130, setWindowRect: true, strictFileInteractability: false, timeouts: {implicit: 0, pageLoad: 300000, script: 30000}, unhandledPromptBehavior: dismiss and notify, webauthn:extension:credBlob: true, webauthn:extension:largeBlob: true, webauthn:extension:minPinLength: true, webauthn:extension:prf: true, webauthn:virtualAuthenticators: true}
Session ID: 9fa830f98c3f130565b05bbddfc6cb69
at java.base/jdk.internal.reflect.NativeConstructorAccessorImpl.newInstance0(Native Method)
at java.base/jdk.internal.reflect.NativeConstructorAccessorImpl.newInstance(NativeConstructorAccessorImpl.java:77)
at java.base/jdk.internal.reflect.DelegatingConstructorAccessorImpl.newInstance(DelegatingConstructorAccessorImpl.java:45)
at java.base/java.lang.reflect.Constructor.newInstanceWithCaller(Constructor.java:499)
at java.base/java.lang.reflect.Constructor.newInstance(Constructor.java:480)
at org.openqa.selenium.remote.ErrorCodec.decode(ErrorCodec.java:167)
at org.openqa.selenium.remote.codec.w3c.W3CHttpResponseCodec.decode(W3CHttpResponseCodec.java:138)
at org.openqa.selenium.remote.codec.w3c.W3CHttpResponseCodec.decode(W3CHttpResponseCodec.java:50)
at org.openqa.selenium.remote.HttpCommandExecutor.execute(HttpCommandExecutor.java:190)
at org.openqa.selenium.remote.service.DriverCommandExecutor.invokeExecute(DriverCommandExecutor.java:216)
at org.openqa.selenium.remote.service.DriverCommandExecutor.execute(DriverCommandExecutor.java:174)
at org.openqa.selenium.remote.RemoteWebDriver.execute(RemoteWebDriver.java:519)
at org.openqa.selenium.remote.ElementLocation$ElementFinder$2.findElement(ElementLocation.java:165)
at org.openqa.selenium.remote.ElementLocation.findElement(ElementLocation.java:59)
at org.openqa.selenium.remote.RemoteWebDriver.findElement(RemoteWebDriver.java:356)
at org.openqa.selenium.remote.RemoteWebDriver.findElement(RemoteWebDriver.java:350)
at PageObject.TI_finalPlan.plan(TI_finalPlan.java:20)
at TestCase.Test_TravelInsurance.travel(Test_TravelInsurance.java:66)
at java.base/jdk.internal.reflect.NativeMethodAccessorImpl.invoke0(Native Method)
at java.base/jdk.internal.reflect.NativeMethodAccessorImpl.invoke(NativeMethodAccessorImpl.java:77)
at java.base/jdk.internal.reflect.DelegatingMethodAccessorImpl.invoke(DelegatingMethodAccessorImpl.java:43)
at java.base/java.lang.reflect.Method.invoke(Method.java:568)
at org.testng.internal.invokers.MethodInvocationHelper.invokeMethod(MethodInvocationHelper.java:139)
at org.testng.internal.invokers.TestInvoker.invokeMethod(TestInvoker.java:677)
at org.testng.internal.invokers.TestInvoker.invokeTestMethod(TestInvoker.java:221)
at org.testng.internal.invokers.MethodRunner.runInSequence(MethodRunner.java:50)
at org.testng.internal.invokers.TestInvoker$MethodInvocationAgent.invoke(TestInvoker.java:969)
at org.testng.internal.invokers.TestInvoker.invokeTestMethods(TestInvoker.java:194)
at org.testng.internal.invokers.TestMethodWorker.invokeTestMethods(TestMethodWorker.java:148)
at org.testng.internal.invokers.TestMethodWorker.run(TestMethodWorker.java:128)
at java.base/java.util.concurrent.ThreadPoolExecutor.runWorker(ThreadPoolExecutor.java:1136)
at java.base/java.util.concurrent.ThreadPoolExecutor$Worker.run(ThreadPoolExecutor.java:635)
at java.base/java.lang.Thread.run(Thread.java:833)
]]>
            </full-stacktrace>
          </exception> <!-- org.openqa.selenium.NoSuchElementException -->
          <reporter-output>
          </reporter-output>
        </test-method> <!-- travel -->
        <test-method is-config="true" signature="tearDown()[pri:0, instance:TestCase.Test_TravelInsurance@7f3b84b8]" started-at="2024-04-04T14:12:46 IST" name="tearDown" finished-at="2024-04-04T14:12:49 IST" duration-ms="3019" status="PASS">
          <reporter-output>
          </reporter-output>
        </test-method> <!-- tearDown -->
      </class> <!-- TestCase.Test_TravelInsurance -->
    </test> <!-- Test -->
  </suite> <!-- Suite -->
</testng-results>
